Log file open, 10/23/16 12:45:52
LogInit:Display: Running engine for game: sprawl
LogPlatformFile: Not using cached read wrapper
LogInit:Display: RandInit(1449384764) SRandInit(1449384764).
LogTaskGraph: Started task graph with 5 named threads and 8 total threads with 1 sets of task threads.
LogStats: Stats thread started at 0.081446
LogPluginManager: Loaded Plugin Paper2D, From C:/Program Files/Epic Games/4.13/Engine/Plugins/2D/Paper2D/Paper2D.uplugin
LogPluginManager: Loaded Plugin LightPropagationVolume, From C:/Program Files/Epic Games/4.13/Engine/Plugins/Blendables/LightPropagationVolume/LightPropagationVolume.uplugin
LogPluginManager: Loaded Plugin BlankPlugin, From C:/Program Files/Epic Games/4.13/Engine/Plugins/Developer/BlankPlugin/BlankPlugin.uplugin
LogPluginManager: Loaded Plugin CodeLiteSourceCodeAccess, From C:/Program Files/Epic Games/4.13/Engine/Plugins/Developer/CodeLiteSourceCodeAccess/CodeLiteSourceCodeAccess.uplugin
LogPluginManager: Loaded Plugin GitSourceControl, From C:/Program Files/Epic Games/4.13/Engine/Plugins/Developer/GitSourceControl/GitSourceControl.uplugin
LogPluginManager: Loaded Plugin KDevelopSourceCodeAccess, From C:/Program Files/Epic Games/4.13/Engine/Plugins/Developer/KDevelopSourceCodeAccess/KDevelopSourceCodeAccess.uplugin
LogPluginManager: Loaded Plugin NullSourceCodeAccess, From C:/Program Files/Epic Games/4.13/Engine/Plugins/Developer/NullSourceCodeAccess/NullSourceCodeAccess.uplugin
LogPluginManager: Loaded Plugin OneSkyLocalizationService, From C:/Program Files/Epic Games/4.13/Engine/Plugins/Developer/OneSkyLocalizationService/OneSkyLocalizationService.uplugin
LogPluginManager: Loaded Plugin PerforceSourceControl, From C:/Program Files/Epic Games/4.13/Engine/Plugins/Developer/PerforceSourceControl/PerforceSourceControl.uplugin
LogPluginManager: Loaded Plugin SubversionSourceControl, From C:/Program Files/Epic Games/4.13/Engine/Plugins/Developer/SubversionSourceControl/SubversionSourceControl.uplugin
LogPluginManager: Loaded Plugin UObjectPlugin, From C:/Program Files/Epic Games/4.13/Engine/Plugins/Developer/UObjectPlugin/UObjectPlugin.uplugin
LogPluginManager: Loaded Plugin VisualStudioSourceCodeAccess, From C:/Program Files/Epic Games/4.13/Engine/Plugins/Developer/VisualStudioSourceCodeAccess/VisualStudioSourceCodeAccess.uplugin
LogPluginManager: Loaded Plugin XCodeSourceCodeAccess, From C:/Program Files/Epic Games/4.13/Engine/Plugins/Developer/XCodeSourceCodeAccess/XCodeSourceCodeAccess.uplugin
LogPluginManager: Loaded Plugin EpicSurvey, From C:/Program Files/Epic Games/4.13/Engine/Plugins/Editor/EpicSurvey/EpicSurvey.uplugin
LogPluginManager: Loaded Plugin MacGraphicsSwitching, From C:/Program Files/Epic Games/4.13/Engine/Plugins/Editor/MacGraphicsSwitching/MacGraphicsSwitching.uplugin
LogPluginManager: Loaded Plugin MobileLauncherProfileWizard, From C:/Program Files/Epic Games/4.13/Engine/Plugins/Editor/MobileLauncherProfileWizard/MobileLauncherProfileWizard.uplugin
LogPluginManager: Loaded Plugin PluginBrowser, From C:/Program Files/Epic Games/4.13/Engine/Plugins/Editor/PluginBrowser/PluginBrowser.uplugin
LogPluginManager: Loaded Plugin SpeedTreeImporter, From C:/Program Files/Epic Games/4.13/Engine/Plugins/Editor/SpeedTreeImporter/SpeedTreeImporter.uplugin
LogPluginManager: Loaded Plugin SuperSearchEditor, From C:/Program Files/Epic Games/4.13/Engine/Plugins/Editor/SuperSearchEditor/SuperSearchEditor.uplugin
LogPluginManager: Loaded Plugin AlembicImporter, From C:/Program Files/Epic Games/4.13/Engine/Plugins/Experimental/AlembicImporter/AlembicImporter.uplugin
LogPluginManager: Loaded Plugin BlueprintStats, From C:/Program Files/Epic Games/4.13/Engine/Plugins/Experimental/BlueprintStats/BlueprintStats.uplugin
LogPluginManager: Loaded Plugin CharacterAI, From C:/Program Files/Epic Games/4.13/Engine/Plugins/Experimental/CharacterAI/CharacterAI.uplugin
LogPluginManager: Loaded Plugin CodeEditor, From C:/Program Files/Epic Games/4.13/Engine/Plugins/Experimental/CodeEditor/CodeEditor.uplugin
LogPluginManager: Loaded Plugin CodeView, From C:/Program Files/Epic Games/4.13/Engine/Plugins/Experimental/CodeView/CodeView.uplugin
LogPluginManager: Loaded Plugin HTML5Networking, From C:/Program Files/Epic Games/4.13/Engine/Plugins/Experimental/HTML5Networking/HTML5Networking.uplugin
LogPluginManager: Loaded Plugin LiveEditor, From C:/Program Files/Epic Games/4.13/Engine/Plugins/Experimental/LiveEditor/LiveEditor.uplugin
LogPluginManager: Loaded Plugin OSVR, From C:/Program Files/Epic Games/4.13/Engine/Plugins/Experimental/OSVR/OSVR.uplugin
LogPluginManager: Loaded Plugin Phya, From C:/Program Files/Epic Games/4.13/Engine/Plugins/Experimental/Phya/Phya.uplugin
LogPluginManager: Loaded Plugin SignificanceManager, From C:/Program Files/Epic Games/4.13/Engine/Plugins/Experimental/SignificanceManager/SignificanceManager.uplugin
LogPluginManager: Loaded Plugin SimpleHMD, From C:/Program Files/Epic Games/4.13/Engine/Plugins/Experimental/SimpleHMD/SimpleHMD.uplugin
LogPluginManager: Loaded Plugin StereoPanorama, From C:/Program Files/Epic Games/4.13/Engine/Plugins/Experimental/StereoPanorama/StereoPanorama.uplugin
LogPluginManager: Loaded Plugin StructBox, From C:/Program Files/Epic Games/4.13/Engine/Plugins/Experimental/StructBox/StructBox.uplugin
LogPluginManager: Loaded Plugin DungeonArchitect, From C:/Program Files/Epic Games/4.13/Engine/Plugins/Marketplace/DungeonArchitect/DungeonArchitect.uplugin
LogPluginManager: Loaded Plugin Substance, From C:/Program Files/Epic Games/4.13/Engine/Plugins/Marketplace/Substance/Substance.uplugin
LogPluginManager: Loaded Plugin AndroidMedia, From C:/Program Files/Epic Games/4.13/Engine/Plugins/Media/AndroidMedia/AndroidMedia.uplugin
LogPluginManager: Loaded Plugin AvfMedia, From C:/Program Files/Epic Games/4.13/Engine/Plugins/Media/AvfMedia/AvfMedia.uplugin
LogPluginManager: Loaded Plugin MediaPlayerEditor, From C:/Program Files/Epic Games/4.13/Engine/Plugins/Media/MediaPlayerEditor/MediaPlayerEditor.uplugin
LogPluginManager: Loaded Plugin WmfMedia, From C:/Program Files/Epic Games/4.13/Engine/Plugins/Media/WmfMedia/WmfMedia.uplugin
LogPluginManager: Loaded Plugin MessagingDebugger, From C:/Program Files/Epic Games/4.13/Engine/Plugins/Messaging/MessagingDebugger/MessagingDebugger.uplugin
LogPluginManager: Loaded Plugin TcpMessaging, From C:/Program Files/Epic Games/4.13/Engine/Plugins/Messaging/TcpMessaging/TcpMessaging.uplugin
LogPluginManager: Loaded Plugin UdpMessaging, From C:/Program Files/Epic Games/4.13/Engine/Plugins/Messaging/UdpMessaging/UdpMessaging.uplugin
LogPluginManager: Loaded Plugin LevelSequenceEditor, From C:/Program Files/Epic Games/4.13/Engine/Plugins/MovieScene/LevelSequenceEditor/LevelSequenceEditor.uplugin
LogPluginManager: Loaded Plugin MatineeToLevelSequence, From C:/Program Files/Epic Games/4.13/Engine/Plugins/MovieScene/MatineeToLevelSequence/MatineeToLevelSequence.uplugin
LogPluginManager: Loaded Plugin NetcodeUnitTest, From C:/Program Files/Epic Games/4.13/Engine/Plugins/NetcodeUnitTest/NetcodeUnitTest/NetcodeUnitTest.uplugin
LogPluginManager: Loaded Plugin NUTUnrealEngine4, From C:/Program Files/Epic Games/4.13/Engine/Plugins/NetcodeUnitTest/NUTUnrealEngine4/NUTUnrealEngine4.uplugin
LogPluginManager: Loaded Plugin OnlineSubsystemGooglePlay, From C:/Program Files/Epic Games/4.13/Engine/Plugins/Online/Android/OnlineSubsystemGooglePlay/OnlineSubsystemGooglePlay.uplugin
LogPluginManager: Loaded Plugin OnlineSubsystemIOS, From C:/Program Files/Epic Games/4.13/Engine/Plugins/Online/IOS/OnlineSubsystemIOS/OnlineSubsystemIOS.uplugin
LogPluginManager: Loaded Plugin OnlineFramework, From C:/Program Files/Epic Games/4.13/Engine/Plugins/Online/OnlineFramework/OnlineFramework.uplugin
LogPluginManager: Loaded Plugin OnlineSubsystem, From C:/Program Files/Epic Games/4.13/Engine/Plugins/Online/OnlineSubsystem/OnlineSubsystem.uplugin
LogPluginManager: Loaded Plugin OnlineSubsystemAmazon, From C:/Program Files/Epic Games/4.13/Engine/Plugins/Online/OnlineSubsystemAmazon/OnlineSubsystemAmazon.uplugin
LogPluginManager: Loaded Plugin OnlineSubsystemFacebook, From C:/Program Files/Epic Games/4.13/Engine/Plugins/Online/OnlineSubsystemFacebook/OnlineSubsystemFacebook.uplugin
LogPluginManager: Loaded Plugin OnlineSubsystemNull, From C:/Program Files/Epic Games/4.13/Engine/Plugins/Online/OnlineSubsystemNull/OnlineSubsystemNull.uplugin
LogPluginManager: Loaded Plugin OnlineSubsystemOculus, From C:/Program Files/Epic Games/4.13/Engine/Plugins/Online/OnlineSubsystemOculus/OnlineSubsystemOculus.uplugin
LogPluginManager: Loaded Plugin OnlineSubsystemSteam, From C:/Program Files/Epic Games/4.13/Engine/Plugins/Online/OnlineSubsystemSteam/OnlineSubsystemSteam.uplugin
LogPluginManager: Loaded Plugin OnlineSubsystemUtils, From C:/Program Files/Epic Games/4.13/Engine/Plugins/Online/OnlineSubsystemUtils/OnlineSubsystemUtils.uplugin
LogPluginManager: Loaded Plugin IOSTapJoy, From C:/Program Files/Epic Games/4.13/Engine/Plugins/Runtime/Advertising/IOSTapJoy/IOSTapJoy.uplugin
LogPluginManager: Loaded Plugin AnalyticsBlueprintLibrary, From C:/Program Files/Epic Games/4.13/Engine/Plugins/Runtime/Analytics/AnalyticsBlueprintLibrary/AnalyticsBlueprintLibrary.uplugin
LogPluginManager: Loaded Plugin AnalyticsMulticast, From C:/Program Files/Epic Games/4.13/Engine/Plugins/Runtime/Analytics/AnalyticsMulticast/AnalyticsMulticast.uplugin
LogPluginManager: Loaded Plugin Apsalar, From C:/Program Files/Epic Games/4.13/Engine/Plugins/Runtime/Analytics/Apsalar/Apsalar.uplugin
LogPluginManager: Loaded Plugin FileLogging, From C:/Program Files/Epic Games/4.13/Engine/Plugins/Runtime/Analytics/FileLogging/FileLogging.uplugin
LogPluginManager: Loaded Plugin Flurry, From C:/Program Files/Epic Games/4.13/Engine/Plugins/Runtime/Analytics/Flurry/Flurry.uplugin
LogPluginManager: Loaded Plugin AndroidDeviceProfileSelector, From C:/Program Files/Epic Games/4.13/Engine/Plugins/Runtime/AndroidDeviceProfileSelector/AndroidDeviceProfileSelector.uplugin
LogPluginManager: Loaded Plugin AndroidMoviePlayer, From C:/Program Files/Epic Games/4.13/Engine/Plugins/Runtime/AndroidMoviePlayer/AndroidMoviePlayer.uplugin
LogPluginManager: Loaded Plugin AppleMoviePlayer, From C:/Program Files/Epic Games/4.13/Engine/Plugins/Runtime/AppleMoviePlayer/AppleMoviePlayer.uplugin
LogPluginManager: Loaded Plugin ArchVisCharacter, From C:/Program Files/Epic Games/4.13/Engine/Plugins/Runtime/ArchVisCharacter/ArchVisCharacter.uplugin
LogPluginManager: Loaded Plugin CableComponent, From C:/Program Files/Epic Games/4.13/Engine/Plugins/Runtime/CableComponent/CableComponent.uplugin
LogPluginManager: Loaded Plugin CustomMeshComponent, From C:/Program Files/Epic Games/4.13/Engine/Plugins/Runtime/CustomMeshComponent/CustomMeshComponent.uplugin
LogPluginManager: Loaded Plugin ExampleDeviceProfileSelector, From C:/Program Files/Epic Games/4.13/Engine/Plugins/Runtime/ExampleDeviceProfileSelector/ExampleDeviceProfileSelector.uplugin
LogPluginManager: Loaded Plugin GearVR, From C:/Program Files/Epic Games/4.13/Engine/Plugins/Runtime/GearVR/GearVR.uplugin
LogPluginManager: Loaded Plugin GoogleVRController, From C:/Program Files/Epic Games/4.13/Engine/Plugins/Runtime/GoogleVR/GoogleVRController/GoogleVRController.uplugin
LogPluginManager: Loaded Plugin GoogleVRHMD, From C:/Program Files/Epic Games/4.13/Engine/Plugins/Runtime/GoogleVR/GoogleVRHMD/GoogleVRHMD.uplugin
LogPluginManager: Loaded Plugin IOSDeviceProfileSelector, From C:/Program Files/Epic Games/4.13/Engine/Plugins/Runtime/IOSDeviceProfileSelector/IOSDeviceProfileSelector.uplugin
LogPluginManager: Loaded Plugin LeapMotion, From C:/Program Files/Epic Games/4.13/Engine/Plugins/Runtime/LeapMotion/LeapMotion.uplugin
LogPluginManager: Loaded Plugin LinuxDeviceProfileSelector, From C:/Program Files/Epic Games/4.13/Engine/Plugins/Runtime/LinuxDeviceProfileSelector/LinuxDeviceProfileSelector.uplugin
LogPluginManager: Loaded Plugin LiveEditorListenServer, From C:/Program Files/Epic Games/4.13/Engine/Plugins/Runtime/LiveEditorListenServer/LiveEditorListenServer.uplugin
LogPluginManager: Loaded Plugin OculusAudio, From C:/Program Files/Epic Games/4.13/Engine/Plugins/Runtime/OculusAudio/OculusAudio.uplugin
LogPluginManager: Loaded Plugin OculusInput, From C:/Program Files/Epic Games/4.13/Engine/Plugins/Runtime/OculusInput/OculusInput.uplugin
LogPluginManager: Loaded Plugin OculusLibrary, From C:/Program Files/Epic Games/4.13/Engine/Plugins/Runtime/OculusLibrary/OculusLibrary.uplugin
LogPluginManager: Loaded Plugin OculusRift, From C:/Program Files/Epic Games/4.13/Engine/Plugins/Runtime/OculusRift/OculusRift.uplugin
LogPluginManager: Loaded Plugin Oodle, From C:/Program Files/Epic Games/4.13/Engine/Plugins/Runtime/PacketHandlers/CompressionComponents/Oodle/Oodle.uplugin
LogPluginManager: Loaded Plugin ProceduralMeshComponent, From C:/Program Files/Epic Games/4.13/Engine/Plugins/Runtime/ProceduralMeshComponent/ProceduralMeshComponent.uplugin
LogPluginManager: Loaded Plugin SoundMod, From C:/Program Files/Epic Games/4.13/Engine/Plugins/Runtime/SoundMod/SoundMod.uplugin
LogPluginManager: Loaded Plugin SoundVisualizations, From C:/Program Files/Epic Games/4.13/Engine/Plugins/Runtime/SoundVisualizations/SoundVisualizations.uplugin
LogPluginManager: Loaded Plugin SteamController, From C:/Program Files/Epic Games/4.13/Engine/Plugins/Runtime/Steam/SteamController/SteamController.uplugin
LogPluginManager: Loaded Plugin SteamVR, From C:/Program Files/Epic Games/4.13/Engine/Plugins/Runtime/Steam/SteamVR/SteamVR.uplugin
LogPluginManager: Loaded Plugin WebBrowserWidget, From C:/Program Files/Epic Games/4.13/Engine/Plugins/Runtime/WebBrowserWidget/WebBrowserWidget.uplugin
LogPluginManager: Loaded Plugin WindowsDeviceProfileSelector, From C:/Program Files/Epic Games/4.13/Engine/Plugins/Runtime/WindowsDeviceProfileSelector/WindowsDeviceProfileSelector.uplugin
LogPluginManager: Loaded Plugin WindowsMoviePlayer, From C:/Program Files/Epic Games/4.13/Engine/Plugins/Runtime/WindowsMoviePlayer/WindowsMoviePlayer.uplugin
LogPluginManager: Loaded Plugin ScriptPlugin, From C:/Program Files/Epic Games/4.13/Engine/Plugins/ScriptPlugin/ScriptPlugin.uplugin
LogPluginManager: Loaded Plugin SlateRemote, From C:/Program Files/Epic Games/4.13/Engine/Plugins/Slate/SlateRemote/SlateRemote.uplugin
LogInit: Build: ++UE4+Release-4.13-CL-3142249
LogInit: Engine Version: 4.13.1-3142249+++UE4+Release-4.13
LogInit: Compatible Engine Version: 4.13.0-3106830+++UE4+Release-4.13
LogInit: Net CL: 3142249
LogDevObjectVersion: Number of dev versions registered: 13
LogDevObjectVersion:   Dev-Blueprints (B0D832E4-1F89-4F0D-ACCF-7EB736FD4AA2): 5
LogDevObjectVersion:   Dev-Build (E1C64328-A22C-4D53-A36C-8E866417BD8C): 0
LogDevObjectVersion:   Dev-Core (375EC13C-06E4-48FB-B500-84F0262A717E): 1
LogDevObjectVersion:   Dev-Editor (E4B068ED-F494-42E9-A231-DA0B2E46BB41): 6
LogDevObjectVersion:   Dev-Framework (CFFC743F-43B0-4480-9391-14DF171D2073): 12
LogDevObjectVersion:   Dev-Mobile (B02B49B5-BB20-44E9-A304-32B752E40360): 0
LogDevObjectVersion:   Dev-Networking (A4E4105C-59A1-49B5-A7C5-40C4547EDFEE): 0
LogDevObjectVersion:   Dev-Online (39C831C9-5AE6-47DC-9A44-9C173E1C8E7C): 0
LogDevObjectVersion:   Dev-Physics (78F01B33-EBEA-4F98-B9B4-84EACCB95AA2): 0
LogDevObjectVersion:   Dev-Platform (6631380F-2D4D-43E0-8009-CF276956A95A): 0
LogDevObjectVersion:   Dev-Rendering (12F88B9F-8875-4AFC-A67C-D90C383ABD29): 4
LogDevObjectVersion:   Dev-Sequencer (7B5AE74C-D270-4C10-A958-57980B212A5A): 0
LogDevObjectVersion:   Dev-VR (D7296918-1DD6-4BDD-9DE2-64A83CC13884): 0
LogInit: Compiled (64-bit): Sep 28 2016 02:12:12
LogInit: Compiled with Visual C++: 19.00.23026.00
LogInit: Build Configuration: Development
LogInit: Branch Name: ++UE4+Release-4.13
LogInit: Command line: -EpicPortal  -HTTP=WinInet
LogInit: Base directory: C:/Program Files/Epic Games/4.13/Engine/Binaries/Win64/
LogInit: Installed Engine Build: 1
LogInit: Presizing for max 8388607 objects, including 0 objects not considered by GC, pre-allocating 0 bytes for permanent pool.
LogInit: Object subsystem initialized
[2016.10.23-16.45.52:544][  0]LogInit: Selected Device Profile: [Windows]
[2016.10.23-16.45.52:544][  0]LogInit: Applying CVar settings loaded from the selected device profile: [Windows]
[2016.10.23-16.45.52:550][  0]LogInit: Computer: RIG
[2016.10.23-16.45.52:550][  0]LogInit: User: SprawlGhost
[2016.10.23-16.45.52:550][  0]LogInit: CPU Page size=65536, Cores=4
[2016.10.23-16.45.52:550][  0]LogInit: High frequency timer resolution =3.417992 MHz
[2016.10.23-16.45.52:550][  0]LogMemory: Memory total: Physical=15.9GB (16GB approx)
[2016.10.23-16.45.52:550][  0]LogMemory: Platform Memory Stats for Windows
[2016.10.23-16.45.52:550][  0]LogMemory: Process Physical Memory: 258.69 MB used, 258.69 MB peak
[2016.10.23-16.45.52:550][  0]LogMemory: Process Virtual Memory: 260.04 MB used, 260.04 MB peak
[2016.10.23-16.45.52:550][  0]LogMemory: Physical Memory: 7133.57 MB used, 16323.62 MB total
[2016.10.23-16.45.52:550][  0]LogMemory: Virtual Memory: 624.65 MB used, 134217728.00 MB total
[2016.10.23-16.45.52:587][  0]LogTextLocalizationManager: No specific translations for ('en-US') exist, so ('en') translations will be used.
[2016.10.23-16.45.53:185][  0]LogD3D11RHI: D3D11 adapters:
[2016.10.23-16.45.53:224][  0]LogD3D11RHI:    0. 'NVIDIA GeForce GTX 680' (Feature Level 11_0)
[2016.10.23-16.45.53:224][  0]LogD3D11RHI:       1989/0/8161 MB DedicatedVideo/DedicatedSystem/SharedSystem, Outputs:2, VendorId:0x10de
[2016.10.23-16.45.53:226][  0]LogD3D11RHI:    1. 'Microsoft Basic Render Driver' (Feature Level 11_0)
[2016.10.23-16.45.53:226][  0]LogD3D11RHI:       0/0/8161 MB DedicatedVideo/DedicatedSystem/SharedSystem, Outputs:0, VendorId:0x1414
[2016.10.23-16.45.53:226][  0]LogD3D11RHI: Chosen D3D11 Adapter: 0
[2016.10.23-16.45.53:229][  0]LogD3D11RHI: Creating new Direct3DDevice
[2016.10.23-16.45.53:229][  0]LogD3D11RHI:     GPU DeviceId: 0x1180 (for the marketing name, search the web for "GPU Device Id")
[2016.10.23-16.45.53:230][  0]LogWindows: EnumDisplayDevices:
[2016.10.23-16.45.53:230][  0]LogWindows:    0. 'NVIDIA GeForce GTX 680' (P:1 D:1)
[2016.10.23-16.45.53:230][  0]LogWindows:    1. 'NVIDIA GeForce GTX 680' (P:0 D:1)
[2016.10.23-16.45.53:230][  0]LogWindows:    2. 'NVIDIA GeForce GTX 680' (P:0 D:0)
[2016.10.23-16.45.53:231][  0]LogWindows:    3. 'NVIDIA GeForce GTX 680' (P:0 D:0)
[2016.10.23-16.45.53:231][  0]LogWindows: DebugString: FoundDriverCount:4 
[2016.10.23-16.45.53:231][  0]LogD3D11RHI:     Adapter Name: NVIDIA GeForce GTX 680
[2016.10.23-16.45.53:231][  0]LogD3D11RHI:   Driver Version: 358.91 (internal:10.18.13.5891, unified:358.91)
[2016.10.23-16.45.53:231][  0]LogD3D11RHI:      Driver Date: 11-5-2015
[2016.10.23-16.45.53:231][  0]LogRHI: Texture pool is 1361 MB (70% of 1945 MB)
[2016.10.23-16.45.53:246][  0]LogD3D11RHI: Async texture creation enabled
[2016.10.23-16.45.53:633][  0]LogD3D11RHI: GPU Timing Frequency: 1000.000000 (Debug: 2 2)
[2016.10.23-16.45.53:633][  0]LogShaderCompilers: Guid format shader working directory is 25 characters bigger than the processId version (G:/sprawl/client/sprawl/Intermediate/Shaders/WorkingDirectory/10408/).
[2016.10.23-16.45.53:633][  0]LogShaderCompilers: Cleaned the shader compiler working directory 'C:/Users/SPRAWL~1/AppData/Local/Temp/UnrealShaderWorkingDir/2066C7814719F03A69F89A900E8050D1/'.
[2016.10.23-16.45.53:633][  0]LogShaderCompilers:Display: Using Local Shader Compiler.
[2016.10.23-16.45.54:589][  0]LogTemp:Display: Loaded TP AllDesktopTargetPlatform
[2016.10.23-16.45.54:597][  0]LogTemp:Display: Loaded TP WindowsClientTargetPlatform
[2016.10.23-16.45.54:605][  0]LogTemp:Display: Loaded TP WindowsNoEditorTargetPlatform
[2016.10.23-16.45.54:612][  0]LogTemp:Display: Loaded TP WindowsServerTargetPlatform
[2016.10.23-16.45.54:619][  0]LogTemp:Display: Loaded TP WindowsTargetPlatform
[2016.10.23-16.45.54:626][  0]LogTemp:Display: Loaded TP AndroidTargetPlatform
[2016.10.23-16.45.54:635][  0]LogTemp:Display: Loaded TP Android_ASTCTargetPlatform
[2016.10.23-16.45.54:643][  0]LogTemp:Display: Loaded TP Android_ATCTargetPlatform
[2016.10.23-16.45.54:651][  0]LogTemp:Display: Loaded TP Android_DXTTargetPlatform
[2016.10.23-16.45.54:659][  0]LogTemp:Display: Loaded TP Android_ETC1TargetPlatform
[2016.10.23-16.45.54:666][  0]LogTemp:Display: Loaded TP Android_ETC2TargetPlatform
[2016.10.23-16.45.54:682][  0]LogTemp:Display: Loaded TP Android_MultiTargetPlatform
[2016.10.23-16.45.54:682][  0]LogTemp:Display: Loaded TP Android_PVRTCTargetPlatform
[2016.10.23-16.45.54:683][  0]LogTemp:Display: Loaded TP HTML5TargetPlatform
[2016.10.23-16.45.54:704][  0]LogTemp:Display: Loaded TP IOSTargetPlatform
[2016.10.23-16.45.54:710][  0]LogTemp:Display: Loaded TP TVOSTargetPlatform
[2016.10.23-16.45.54:717][  0]LogTemp:Display: Loaded TP LinuxClientTargetPlatform
[2016.10.23-16.45.54:724][  0]LogTemp:Display: Loaded TP LinuxNoEditorTargetPlatform
[2016.10.23-16.45.54:730][  0]LogTemp:Display: Loaded TP LinuxServerTargetPlatform
[2016.10.23-16.45.54:736][  0]LogTemp:Display: Loaded TP LinuxTargetPlatform
[2016.10.23-16.45.54:736][  0]LogTargetPlatformManager:Display: Building Assets For Windows
[2016.10.23-16.45.54:824][  0]LogDerivedDataCache:Display: Max Cache Size: 512 MB
[2016.10.23-16.45.54:872][  0]LogDerivedDataCache: Loaded boot cache 0.05s 63MB C:/Users/SprawlGhost/AppData/Local/UnrealEngine/4.13/DerivedDataCache/Boot.ddc.
[2016.10.23-16.45.54:873][  0]LogDerivedDataCache:Display: Loaded Boot cache: C:/Users/SprawlGhost/AppData/Local/UnrealEngine/4.13/DerivedDataCache/Boot.ddc
[2016.10.23-16.45.54:873][  0]LogDerivedDataCache: FDerivedDataBackendGraph:  Pak pak cache file G:/sprawl/client/sprawl/DerivedDataCache/DDC.ddp not found, will not use a pak cache.
[2016.10.23-16.45.54:873][  0]LogDerivedDataCache: Unable to find inner node Pak for hierarchical cache Hierarchy.
[2016.10.23-16.45.54:873][  0]LogDerivedDataCache: FDerivedDataBackendGraph:  CompressedPak pak cache file G:/sprawl/client/sprawl/DerivedDataCache/Compressed.ddp not found, will not use a pak cache.
[2016.10.23-16.45.54:873][  0]LogDerivedDataCache: Unable to find inner node CompressedPak for hierarchical cache Hierarchy.
[2016.10.23-16.45.54:887][  0]LogDerivedDataCache:Display: Pak cache opened for reading ../../../Engine/DerivedDataCache/Compressed.ddp.
[2016.10.23-16.45.54:899][  0]LogDerivedDataCache: Using Local data cache path C:/Users/SprawlGhost/AppData/Local/UnrealEngine/Common/DerivedDataCache: Writable
[2016.10.23-16.45.55:135][  0]LogInit: Selected Device Profile: [Windows]
[2016.10.23-16.45.55:138][  0]LogContentStreaming: Texture pool size is 0.00 MB
[2016.10.23-16.45.55:225][  0]LogMeshUtilities: No automatic mesh reduction module available
[2016.10.23-16.45.55:225][  0]LogMeshUtilities: No automatic mesh merging module available
[2016.10.23-16.45.55:225][  0]LogMeshUtilities: No distributed automatic mesh merging module available
[2016.10.23-16.45.55:297][  0]LogMaterial: Uniform references updated for custom material expression Custom.
[2016.10.23-16.45.55:608][  0]LogNetVersion: GetLocalNetworkVersion: CL: 3106830, ProjectName: sprawl, ProjectVersion: , EngineNetworkVersion: 1, GameNetworkVersion: 0, NetworkChecksum: 3788564288
[2016.10.23-16.45.55:643][  0]LogAssetRegistry: FAssetRegistry took 0.0210 seconds to start up
[2016.10.23-16.45.55:670][  0]LogPackageLocalizationCache: Processed 4 localized package path(s) for 2 prioritized culture(s) in 0.024829 seconds
[2016.10.23-16.45.55:674][  0]LogUObjectArray: 29778 objects as part of root set at end of initial load.
[2016.10.23-16.45.55:674][  0]LogUObjectAllocator: 6125456 out of 0 bytes used by permanent object pool.
[2016.10.23-16.45.55:674][  0]LogUObjectArray: CloseDisregardForGC: 0/0 objects in disregard for GC pool
[2016.10.23-16.45.55:680][  0]LogInit: WinSock: version 1.1 (2.2), MaxSocks=32767, MaxUdp=65467
[2016.10.23-16.45.55:894][  0]LogSlate: SlateFontCache - WITH_FREETYPE: 1, WITH_HARFBUZZ: 1
[2016.10.23-16.45.55:894][  0]LogSlate: SlateFontCache - WITH_FREETYPE: 1, WITH_HARFBUZZ: 1
[2016.10.23-16.45.56:725][  0]LogSubstanceCoreModule: Substance CPU Engine Loaded, Max Texture Size 2048
[2016.10.23-16.45.56:739][  0]LogTcpMessaging: Initializing TcpMessaging bridge
[2016.10.23-16.45.56:779][  0]LogUdpMessaging: Initializing bridge on interface 0.0.0.0:0 to multicast group 230.0.0.1:6666.
[2016.10.23-16.45.57:036][  0]SourceControl: Info Source control is disabled
[2016.10.23-16.45.57:101][  0]SourceControl: Info Source control is disabled
[2016.10.23-16.45.57:114][  0]SourceControl: Info Source control is disabled
[2016.10.23-16.45.57:128][  0]SourceControl: Info Source control is disabled
[2016.10.23-16.45.57:235][  0]LogLinker:Warning: Can't find file '/Game/ChatSystem/Chat_Tutorial'
[2016.10.23-16.45.57:235][  0]LogLinker:Warning: Can't find file '/Game/ChatSystem/Chat_Tutorial'
[2016.10.23-16.45.57:235][  0]LogUObjectGlobals:Warning: Failed to find object 'Class /Game/ChatSystem/Chat_Tutorial.Chat_Tutorial_C'
[2016.10.23-16.45.57:537][  0]LogEngine: Initializing Engine...
[2016.10.23-16.45.57:538][  0]LogHMD: Failed to initialize OpenVR with code 110
[2016.10.23-16.45.57:650][  0]LogAIModule: Creating AISystem for world Untitled
[2016.10.23-16.45.57:677][  0]LogInit: XAudio2 using 'Speakers (2- USB Audio Device)' : 2 channels at 44.1 kHz using 16 bits per sample (channel mask 0x3)
[2016.10.23-16.45.57:694][  0]LogInit: FAudioDevice initialized.
[2016.10.23-16.45.57:719][  0]LogDerivedDataCache: Saved boot cache 0.02s 63MB C:/Users/SprawlGhost/AppData/Local/UnrealEngine/4.13/DerivedDataCache/Boot.ddc.
[2016.10.23-16.45.57:725][  0]LogInit: Texture streaming: Enabled
[2016.10.23-16.45.57:873][  0]LogInit: Transaction tracking system initialized
[2016.10.23-16.45.57:891][  0]BlueprintLog: New page: Editor Load
[2016.10.23-16.45.58:066][  0]LocalizationService: Info Localization service is disabled
[2016.10.23-16.45.58:172][  0]LogConsoleResponse:Display: 
[2016.10.23-16.45.58:373][  0]LogCook:Display: Max memory allowance for cook 16384mb min free memory 0mb
[2016.10.23-16.45.58:373][  0]LogFileCache: Scanning file cache for directory 'G:/sprawl/client/sprawl/Content/' took 0.01s
[2016.10.23-16.45.58:373][  0]LogCook:Display: Mobile HDR setting 1
[2016.10.23-16.45.58:624][  0]SourceControl: Info Source control is disabled
[2016.10.23-16.45.58:624][  0]Cmd: MAP LOAD FILE="../../../Engine/Content/Maps/Templates/Template_Default.umap" TEMPLATE=1 SHOWPROGRESS=1 FEATURELEVEL=3
[2016.10.23-16.45.58:624][  0]LightingResults: New page: Lighting Build
[2016.10.23-16.45.58:627][  0]MapCheck: New page: Map Check
[2016.10.23-16.45.58:627][  0]LightingResults: New page: Lighting Build
[2016.10.23-16.45.58:660][  0]LogAIModule: Creating AISystem for world Untitled_1
[2016.10.23-16.45.58:664][  0]LogEditorServer: Finished looking for orphan Actors (0.000 secs)
[2016.10.23-16.45.58:668][  0]Cmd: MAP CHECKDEP NOCLEARLOG
[2016.10.23-16.45.58:752][  0]MapCheck: Info Map check complete: 0 Error(s), 0 Warning(s), took 83.2ms to complete.
[2016.10.23-16.45.58:752][  0]LogFileHelpers: Loading map 'Template_Default' took 0.128
[2016.10.23-16.46.03:758][  0]LogCollectionManager: Loaded 0 collections in 0.001818 seconds
[2016.10.23-16.46.06:092][  0]LogFileCache: Scanning file cache for directory 'G:/sprawl/client/sprawl/Saved/Collections/' took 0.01s
[2016.10.23-16.46.06:092][  0]LogFileCache: Scanning file cache for directory 'G:/sprawl/client/sprawl/Content/Developers/SprawlGhost/Collections/' took 0.01s
[2016.10.23-16.46.06:092][  0]LogFileCache: Scanning file cache for directory 'G:/sprawl/client/sprawl/Content/Collections/' took 0.01s
[2016.10.23-16.46.06:092][  0]LogCollectionManager: Rebuilt the GUID cache for 0 collections in 0.000005 seconds
[2016.10.23-16.46.06:279][  0]LogContentBrowser: Native class hierarchy populated in 0.1150 seconds. Added 2241 classes and 460 folders.
[2016.10.23-16.46.06:794][  0]LogStats: UGameplayTagsManager::ConstructGameplayTagTree: Construct from data asset -  0.000 s
[2016.10.23-16.46.06:794][  0]LogStats: UGameplayTagsManager::ConstructGameplayTagTree: GameplayTagTreeChangedEvent.Broadcast -  0.000 s
[2016.10.23-16.46.06:797][  0]LogContentBrowser: Native class hierarchy updated for 'GameplayTags' in 0.0026 seconds. Added 12 classes and 0 folders.
[2016.10.23-16.46.06:853][  0]LogContentBrowser: Native class hierarchy updated for 'WidgetCarousel' in 0.0039 seconds. Added 0 classes and 0 folders.
[2016.10.23-16.46.09:924][  0]LogContentBrowser: Native class hierarchy updated for 'AddContentDialog' in 0.0016 seconds. Added 0 classes and 0 folders.
[2016.10.23-16.46.10:947][  0]LogContentBrowser: Native class hierarchy updated for 'SceneOutliner' in 0.0016 seconds. Added 1 classes and 2 folders.
[2016.10.23-16.46.16:558][  0]LogCrashTracker: Crashtracker disabled due to settings.
[2016.10.23-16.46.16:908][  0]LogUObjectGlobals:Warning: Failed to find object 'Class None.'
[2016.10.23-16.46.16:985][  0]LogContentBrowser: Native class hierarchy updated for 'HierarchicalLODOutliner' in 0.0028 seconds. Added 1 classes and 2 folders.
[2016.10.23-16.46.16:985][  0]LogLoad: (Engine Initialization) Total time: 25.69 seconds
[2016.10.23-16.46.16:985][  0]LogLoad: (Engine Initialization) Total Blueprint compile time: 0.04 seconds
[2016.10.23-16.46.16:985][  0]LogExternalProfiler: Found external profiler: VSPerf
[2016.10.23-16.46.16:985][  0]LogExternalProfiler: Using external profiler: VSPerf
[2016.10.23-16.46.17:325][  0]LogOcInput: OculusInput pre-init called
[2016.10.23-16.46.17:906][  0]LogContentStreaming: Texture pool size now 1000 MB
[2016.10.23-16.46.20:456][  0]LogRenderer: Reallocating scene render targets to support 1208x556 (Frame:2).
[2016.10.23-16.46.40:179][ 60]LogAssetRegistry: Asset discovery search completed in 44.5563 seconds
[2016.10.23-16.46.40:179][ 60]LogCollectionManager: Rebuilt the object cache for 0 collections in 0.000001 seconds (found 0 objects)
[2016.10.23-16.46.40:179][ 60]LogCollectionManager: Fixed up redirectors for 0 collections in 0.000024 seconds (updated 0 objects)
[2016.10.23-16.48.49:080][425]LogDirectoryWatcher:Warning: Failed to begin reading directory changes for G:/sprawl/client/sprawl/Plugins/. Error: The system cannot find the file specified. (0x00000002)
[2016.10.23-16.49.00:721][777]LogDirectoryWatcher: A directory notification for '../../../Engine/Plugins/' was aborted.
[2016.10.23-16.54.41:186][243]Cmd: QUIT_EDITOR
[2016.10.23-16.54.41:211][243]LogWindowsTextInputMethodSystem:Display: IME system now deactivated.
[2016.10.23-16.54.41:228][243]LogExit: Preparing to exit.
[2016.10.23-16.54.42:021][243]LogExit: Editor shut down
[2016.10.23-16.54.42:021][243]LogExit: Transaction tracking system shut down
[2016.10.23-16.54.42:115][243]LogObj: Freed 0b from 0 cluster array pools.
[2016.10.23-16.54.42:115][243]LogExit: Object subsystem successfully closed.
[2016.10.23-16.54.42:129][243]LogD3D11RHI: Shutdown
[2016.10.23-16.54.42:129][243]LogD3D11RHI: CleanupD3DDevice
[2016.10.23-16.54.42:167][243]LogD3D11RHI: ~FD3D11DynamicRHI
[2016.10.23-16.54.42:204][243]LogModuleManager: Shutting down and abandoning module HierarchicalLODOutliner (238)
[2016.10.23-16.54.42:204][243]LogModuleManager: Shutting down and abandoning module CrashTracker (237)
[2016.10.23-16.54.42:204][243]LogModuleManager: Shutting down and abandoning module SceneOutliner (236)
[2016.10.23-16.54.42:204][243]LogModuleManager: Shutting down and abandoning module WidgetCarousel (235)
[2016.10.23-16.54.42:204][243]LogModuleManager: Shutting down and abandoning module AddContentDialog (234)
[2016.10.23-16.54.42:204][243]LogDirectoryWatcher: A directory notification for 'C:/Program Files/Epic Games/4.13/FeaturePacks/' was aborted.
[2016.10.23-16.54.42:205][243]LogModuleManager: Shutting down and abandoning module GameplayTags (233)
[2016.10.23-16.54.42:205][243]LogModuleManager: Shutting down and abandoning module EditorWidgets (232)
[2016.10.23-16.54.42:205][243]LogModuleManager: Shutting down and abandoning module CollectionManager (231)
[2016.10.23-16.54.42:205][243]LogDirectoryWatcher: A directory notification for 'G:/sprawl/client/sprawl/Content/Collections/' was aborted.
[2016.10.23-16.54.42:205][243]LogDirectoryWatcher: A directory notification for 'G:/sprawl/client/sprawl/Content/Developers/SprawlGhost/Collections/' was aborted.
[2016.10.23-16.54.42:205][243]LogDirectoryWatcher: A directory notification for 'G:/sprawl/client/sprawl/Saved/Collections/' was aborted.
[2016.10.23-16.54.42:205][243]LogModuleManager: Shutting down and abandoning module StatsViewer (230)
[2016.10.23-16.54.42:205][243]LogModuleManager: Shutting down and abandoning module FoliageEdit (229)
[2016.10.23-16.54.42:205][243]LogModuleManager: Shutting down and abandoning module LandscapeEditor (228)
[2016.10.23-16.54.42:206][243]LogModuleManager: Shutting down and abandoning module SceneDepthPickerMode (227)
[2016.10.23-16.54.42:206][243]LogModuleManager: Shutting down and abandoning module ActorPickerMode (226)
[2016.10.23-16.54.42:206][243]LogModuleManager: Shutting down and abandoning module GeometryMode (225)
[2016.10.23-16.54.42:206][243]LogModuleManager: Shutting down and abandoning module TextureAlignMode (224)
[2016.10.23-16.54.42:206][243]LogModuleManager: Shutting down and abandoning module BspMode (223)
[2016.10.23-16.54.42:206][243]LogModuleManager: Shutting down and abandoning module HardwareSurvey (222)
[2016.10.23-16.54.42:206][243]LogModuleManager: Shutting down and abandoning module SequenceRecorderSections (221)
[2016.10.23-16.54.42:206][243]LogModuleManager: Shutting down and abandoning module SequenceRecorder (220)
[2016.10.23-16.54.42:206][243]LogModuleManager: Shutting down and abandoning module AutomationWorker (219)
[2016.10.23-16.54.42:206][243]LogModuleManager: Shutting down and abandoning module MatineeToLevelSequence (218)
[2016.10.23-16.54.42:206][243]LogModuleManager: Shutting down and abandoning module PlacementMode (217)
[2016.10.23-16.54.42:206][243]LogModuleManager: Shutting down and abandoning module LevelSequenceEditor (216)
[2016.10.23-16.54.42:206][243]LogModuleManager: Shutting down and abandoning module WmfMediaFactory (215)
[2016.10.23-16.54.42:206][243]LogModuleManager: Shutting down and abandoning module WmfMediaEditor (214)
[2016.10.23-16.54.42:206][243]LogModuleManager: Shutting down and abandoning module AvfMediaFactory (213)
[2016.10.23-16.54.42:206][243]LogModuleManager: Shutting down and abandoning module AvfMediaEditor (212)
[2016.10.23-16.54.42:206][243]LogModuleManager: Shutting down and abandoning module Media (211)
[2016.10.23-16.54.42:206][243]LogModuleManager: Shutting down and abandoning module AndroidMediaFactory (210)
[2016.10.23-16.54.42:206][243]LogModuleManager: Shutting down and abandoning module AndroidMediaEditor (209)
[2016.10.23-16.54.42:206][243]LogModuleManager: Shutting down and abandoning module CharacterAI (208)
[2016.10.23-16.54.42:206][243]LogModuleManager: Shutting down and abandoning module SmartSnapping (207)
[2016.10.23-16.54.42:206][243]LogModuleManager: Shutting down and abandoning module SessionServices (206)
[2016.10.23-16.54.42:206][243]LogModuleManager: Shutting down and abandoning module ViewportSnapping (205)
[2016.10.23-16.54.42:206][243]LogModuleManager: Shutting down and abandoning module ViewportInteraction (204)
[2016.10.23-16.54.42:206][243]LogModuleManager: Shutting down and abandoning module LogVisualizer (203)
[2016.10.23-16.54.42:206][243]LogModuleManager: Shutting down and abandoning module GameProjectGeneration (202)
[2016.10.23-16.54.42:206][243]LogModuleManager: Shutting down and abandoning module IntroTutorials (201)
[2016.10.23-16.54.42:206][243]LogModuleManager: Shutting down and abandoning module EditorLiveStreaming (200)
[2016.10.23-16.54.42:206][243]LogModuleManager: Shutting down and abandoning module IOSPlatformEditor (199)
[2016.10.23-16.54.42:206][243]LogModuleManager: Shutting down and abandoning module HTML5PlatformEditor (198)
[2016.10.23-16.54.42:206][243]LogModuleManager: Shutting down and abandoning module AndroidDeviceDetection (197)
[2016.10.23-16.54.42:240][243]LogModuleManager: Shutting down and abandoning module AndroidPlatformEditor (196)
[2016.10.23-16.54.42:240][243]LogModuleManager: Shutting down and abandoning module IOSRuntimeSettings (195)
[2016.10.23-16.54.42:240][243]LogModuleManager: Shutting down and abandoning module AndroidRuntimeSettings (194)
[2016.10.23-16.54.42:240][243]LogModuleManager: Shutting down and abandoning module NiagaraEditor (193)
[2016.10.23-16.54.42:240][243]LogModuleManager: Shutting down and abandoning module MergeActors (192)
[2016.10.23-16.54.42:240][243]LogModuleManager: Shutting down and abandoning module SizeMap (191)
[2016.10.23-16.54.42:240][243]LogModuleManager: Shutting down and abandoning module TreeMap (190)
[2016.10.23-16.54.42:240][243]LogModuleManager: Shutting down and abandoning module ReferenceViewer (189)
[2016.10.23-16.54.42:240][243]LogModuleManager: Shutting down and abandoning module LocalizationService (188)
[2016.10.23-16.54.42:240][243]LogModuleManager: Shutting down and abandoning module LocalizationDashboard (187)
[2016.10.23-16.54.42:240][243]LogModuleManager: Shutting down and abandoning module HardwareTargeting (186)
[2016.10.23-16.54.42:240][243]LogModuleManager: Shutting down and abandoning module DeviceProfileEditor (185)
[2016.10.23-16.54.42:240][243]LogModuleManager: Shutting down and abandoning module UndoHistory (184)
[2016.10.23-16.54.42:240][243]LogModuleManager: Shutting down and abandoning module UserFeedback (183)
[2016.10.23-16.54.42:240][243]LogModuleManager: Shutting down and abandoning module XmlParser (182)
[2016.10.23-16.54.42:240][243]LogModuleManager: Shutting down and abandoning module Blutility (181)
[2016.10.23-16.54.42:240][243]LogModuleManager: Shutting down and abandoning module ProjectTargetPlatformEditor (180)
[2016.10.23-16.54.42:240][243]LogModuleManager: Shutting down and abandoning module ProjectSettingsViewer (179)
[2016.10.23-16.54.42:240][243]LogModuleManager: Shutting down and abandoning module InputBindingEditor (178)
[2016.10.23-16.54.42:240][243]LogModuleManager: Shutting down and abandoning module EditorSettingsViewer (177)
[2016.10.23-16.54.42:241][243]LogModuleManager: Shutting down and abandoning module SettingsEditor (176)
[2016.10.23-16.54.42:241][243]LogModuleManager: Shutting down and abandoning module ProjectLauncher (175)
[2016.10.23-16.54.42:241][243]LogModuleManager: Shutting down and abandoning module SessionFrontend (174)
[2016.10.23-16.54.42:241][243]LogModuleManager: Shutting down and abandoning module ProfilerClient (173)
[2016.10.23-16.54.42:241][243]LogModuleManager: Shutting down and abandoning module TargetDeviceServices (172)
[2016.10.23-16.54.42:241][243]LogModuleManager: Shutting down and abandoning module DeviceManager (171)
[2016.10.23-16.54.42:283][243]LogModuleManager: Shutting down and abandoning module AutomationController (170)
[2016.10.23-16.54.42:283][243]LogModuleManager: Shutting down and abandoning module AutomationWindow (169)
[2016.10.23-16.54.42:283][243]LogModuleManager: Shutting down and abandoning module Layers (168)
[2016.10.23-16.54.42:283][243]LogModuleManager: Shutting down and abandoning module ComponentVisualizers (167)
[2016.10.23-16.54.42:283][243]LogModuleManager: Shutting down and abandoning module DetailCustomizations (166)
[2016.10.23-16.54.42:283][243]LogModuleManager: Shutting down and abandoning module PackagesDialog (165)
[2016.10.23-16.54.42:283][243]LogModuleManager: Shutting down and abandoning module AnimGraph (164)
[2016.10.23-16.54.42:283][243]LogModuleManager: Shutting down and abandoning module Persona (163)
[2016.10.23-16.54.42:283][243]LogModuleManager: Shutting down and abandoning module Kismet (162)
[2016.10.23-16.54.42:283][243]LogModuleManager: Shutting down and abandoning module GraphEditor (161)
[2016.10.23-16.54.42:283][243]LogModuleManager: Shutting down and abandoning module ClassViewer (160)
[2016.10.23-16.54.42:283][243]LogModuleManager: Shutting down and abandoning module Toolbox (159)
[2016.10.23-16.54.42:283][243]LogModuleManager: Shutting down and abandoning module ModuleUI (158)
[2016.10.23-16.54.42:283][243]LogModuleManager: Shutting down and abandoning module MovieSceneTools (157)
[2016.10.23-16.54.42:283][243]LogModuleManager: Shutting down and abandoning module OutputLog (156)
[2016.10.23-16.54.42:283][243]LogModuleManager: Shutting down and abandoning module GammaUI (155)
[2016.10.23-16.54.42:283][243]LogModuleManager: Shutting down and abandoning module Documentation (154)
[2016.10.23-16.54.42:283][243]LogModuleManager: Shutting down and abandoning module Niagara (153)
[2016.10.23-16.54.42:283][243]LogModuleManager: Shutting down and abandoning module StreamingPauseRendering (152)
[2016.10.23-16.54.42:283][243]LogModuleManager: Shutting down and abandoning module AnalyticsET (151)
[2016.10.23-16.54.42:283][243]LogModuleManager: Shutting down and abandoning module PortalServices (150)
[2016.10.23-16.54.42:283][243]LogModuleManager: Shutting down and abandoning module PortalRpc (149)
[2016.10.23-16.54.42:283][243]LogModuleManager: Shutting down and abandoning module MessagingRpc (148)
[2016.10.23-16.54.42:283][243]LogModuleManager: Shutting down and abandoning module GameplayDebugger (147)
[2016.10.23-16.54.42:283][243]LogModuleManager: Shutting down and abandoning module AITestSuite (146)
[2016.10.23-16.54.42:283][243]LogModuleManager: Shutting down and abandoning module AIModule (145)
[2016.10.23-16.54.42:283][243]LogModuleManager: Shutting down and abandoning module ProfilerService (144)
[2016.10.23-16.54.42:506][243]LogModuleManager: Shutting down and abandoning module TaskGraph (143)
[2016.10.23-16.54.42:506][243]LogModuleManager: Shutting down and abandoning module SubstanceEditor (142)
[2016.10.23-16.54.42:507][243]LogModuleManager: Shutting down and abandoning module SlateRemote (141)
[2016.10.23-16.54.42:507][243]LogModuleManager: Shutting down and abandoning module SteamVRController (140)
[2016.10.23-16.54.42:507][243]LogModuleManager: Shutting down and abandoning module SteamVR (139)
[2016.10.23-16.54.42:507][243]LogModuleManager: Shutting down and abandoning module ProceduralMeshComponentEditor (138)
[2016.10.23-16.54.42:507][243]LogModuleManager: Shutting down and abandoning module ProceduralMeshComponent (137)
[2016.10.23-16.54.42:507][243]LogModuleManager: Shutting down and abandoning module OculusLibrary (136)
[2016.10.23-16.54.42:507][243]LogModuleManager: Shutting down and abandoning module OculusInput (135)
[2016.10.23-16.54.42:507][243]LogModuleManager: Shutting down and abandoning module CustomMeshComponent (134)
[2016.10.23-16.54.42:507][243]LogModuleManager: Shutting down and abandoning module CableComponent (133)
[2016.10.23-16.54.42:507][243]LogModuleManager: Shutting down and abandoning module ArchVisCharacter (132)
[2016.10.23-16.54.42:507][243]LogModuleManager: Shutting down and abandoning module MediaPlayerEditor (130)
[2016.10.23-16.54.42:507][243]LogModuleManager: Shutting down and abandoning module DungeonArchitectEditor (129)
[2016.10.23-16.54.42:507][243]LogModuleManager: Shutting down and abandoning module HTML5Networking (128)
[2016.10.23-16.54.42:507][243]LogModuleManager: Shutting down and abandoning module GeometryCacheEd (127)
[2016.10.23-16.54.42:507][243]LogModuleManager: Shutting down and abandoning module GeometryCache (126)
[2016.10.23-16.54.42:507][243]LogModuleManager: Shutting down and abandoning module AlembicLibrary (125)
[2016.10.23-16.54.42:507][243]LogModuleManager: Shutting down and abandoning module AlembicImporter (124)
[2016.10.23-16.54.42:507][243]LogModuleManager: Shutting down and abandoning module SuperSearch (123)
[2016.10.23-16.54.42:507][243]LogModuleManager: Shutting down and abandoning module SuperSearchEditor (122)
[2016.10.23-16.54.42:507][243]LogModuleManager: Shutting down and abandoning module SpeedTreeImporter (121)
[2016.10.23-16.54.42:507][243]LogModuleManager: Shutting down and abandoning module PluginBrowser (120)
[2016.10.23-16.54.42:507][243]LogModuleManager: Shutting down and abandoning module MobileLauncherProfileWizard (119)
[2016.10.23-16.54.42:507][243]LogModuleManager: Shutting down and abandoning module EpicSurvey (118)
[2016.10.23-16.54.42:507][243]LogModuleManager: Shutting down and abandoning module DesktopPlatform (117)
[2016.10.23-16.54.42:507][243]LogModuleManager: Shutting down and abandoning module VisualStudioSourceCodeAccess (116)
[2016.10.23-16.54.42:507][243]LogModuleManager: Shutting down and abandoning module UObjectPlugin (115)
[2016.10.23-16.54.42:507][243]LogModuleManager: Shutting down and abandoning module SubversionSourceControl (114)
[2016.10.23-16.54.42:507][243]LogModuleManager: Shutting down and abandoning module PerforceSourceControl (113)
[2016.10.23-16.54.42:507][243]LogModuleManager: Shutting down and abandoning module SourceControl (112)
[2016.10.23-16.54.42:507][243]LogModuleManager: Shutting down and abandoning module GitSourceControl (111)
[2016.10.23-16.54.42:507][243]LogModuleManager: Shutting down and abandoning module LightPropagationVolumeEditor (110)
[2016.10.23-16.54.42:507][243]LogModuleManager: Shutting down and abandoning module PaperTiledImporter (109)
[2016.10.23-16.54.42:507][243]LogModuleManager: Shutting down and abandoning module PaperSpriteSheetImporter (108)
[2016.10.23-16.54.42:507][243]LogModuleManager: Shutting down and abandoning module MeshPaint (107)
[2016.10.23-16.54.42:507][243]LogModuleManager: Shutting down and abandoning module FbxAutomationBuilderModule (106)
[2016.10.23-16.54.42:507][243]LogModuleManager: Shutting down and abandoning module PixelInspectorModule (105)
[2016.10.23-16.54.42:507][243]LogModuleManager: Shutting down and abandoning module HotReload (104)
[2016.10.23-16.54.42:507][243]LogDirectoryWatcher: A directory notification for 'G:/sprawl/client/sprawl/Binaries/Win64' was aborted.
[2016.10.23-16.54.42:507][243]LogModuleManager: Shutting down and abandoning module MainFrame (103)
[2016.10.23-16.54.42:508][243]LogModuleManager: Shutting down and abandoning module LevelEditor (102)
[2016.10.23-16.54.42:508][243]LogModuleManager: Shutting down and abandoning module ContentBrowser (101)
[2016.10.23-16.54.42:509][243]LogModuleManager: Shutting down and abandoning module Paper2DEditor (100)
[2016.10.23-16.54.42:509][243]LogModuleManager: Shutting down and abandoning module sprawl (99)
[2016.10.23-16.54.42:509][243]LogModuleManager: Shutting down and abandoning module UdpMessaging (98)
[2016.10.23-16.54.42:609][243]LogModuleManager: Shutting down and abandoning module TcpMessaging (97)
[2016.10.23-16.54.42:864][243]LogModuleManager: Shutting down and abandoning module SubstanceCore (96)
[2016.10.23-16.54.42:864][243]LogModuleManager: Shutting down and abandoning module DungeonArchitectRuntime (95)
[2016.10.23-16.54.42:864][243]LogModuleManager: Shutting down and abandoning module LightPropagationVolumeRuntime (94)
[2016.10.23-16.54.42:864][243]LogModuleManager: Shutting down and abandoning module Paper2D (93)
[2016.10.23-16.54.42:864][243]LogModuleManager: Shutting down and abandoning module WindowsMoviePlayer (92)
[2016.10.23-16.54.42:864][243]LogModuleManager: Shutting down and abandoning module WmfMedia (91)
[2016.10.23-16.54.42:864][243]LogModuleManager: Shutting down and abandoning module MediaAssets (90)
[2016.10.23-16.54.42:864][243]LogModuleManager: Shutting down and abandoning module GameLiveStreaming (89)
[2016.10.23-16.54.42:864][243]LogModuleManager: Shutting down and abandoning module GameplayTagsEditor (88)
[2016.10.23-16.54.42:864][243]LogModuleManager: Shutting down and abandoning module VREditor (87)
[2016.10.23-16.54.42:864][243]LogModuleManager: Shutting down and abandoning module GameplayTasksEditor (86)
[2016.10.23-16.54.42:864][243]LogModuleManager: Shutting down and abandoning module PropertyEditor (85)
[2016.10.23-16.54.42:864][243]LogModuleManager: Shutting down and abandoning module BehaviorTreeEditor (84)
[2016.10.23-16.54.42:864][243]LogModuleManager: Shutting down and abandoning module FunctionalTesting (83)
[2016.10.23-16.54.42:864][243]LogModuleManager: Shutting down and abandoning module CollisionAnalyzer (82)
[2016.10.23-16.54.42:865][243]LogModuleManager: Shutting down and abandoning module Sequencer (81)
[2016.10.23-16.54.42:865][243]LogModuleManager: Shutting down and abandoning module WorkspaceMenuStructure (80)
[2016.10.23-16.54.42:865][243]LogModuleManager: Shutting down and abandoning module MessageLog (79)
[2016.10.23-16.54.42:865][243]LogModuleManager: Shutting down and abandoning module AssetTools (78)
[2016.10.23-16.54.42:865][243]LogModuleManager: Shutting down and abandoning module UMGEditor (77)
[2016.10.23-16.54.42:865][243]LogModuleManager: Shutting down and abandoning module UMG (76)
[2016.10.23-16.54.42:865][243]LogModuleManager: Shutting down and abandoning module SlateReflector (75)
[2016.10.23-16.54.42:865][243]LogModuleManager: Shutting down and abandoning module Slate (74)
[2016.10.23-16.54.42:865][243]LogModuleManager: Shutting down and abandoning module EditorStyle (73)
[2016.10.23-16.54.42:868][243]LogModuleManager: Shutting down and abandoning module SourceCodeAccess (72)
[2016.10.23-16.54.42:868][243]LogModuleManager: Shutting down and abandoning module HeadMountedDisplay (71)
[2016.10.23-16.54.42:868][243]LogModuleManager: Shutting down and abandoning module XAudio2 (70)
[2016.10.23-16.54.42:868][243]LogModuleManager: Shutting down and abandoning module Networking (68)
[2016.10.23-16.54.42:868][243]LogModuleManager: Shutting down and abandoning module Core (67)
[2016.10.23-16.54.42:868][243]LogModuleManager: Shutting down and abandoning module DirectoryWatcher (66)
[2016.10.23-16.54.42:868][243]LogDirectoryWatcher: A directory notification for '../../../Engine/Content/' was aborted.
[2016.10.23-16.54.42:868][243]LogDirectoryWatcher: A directory notification for 'G:/sprawl/client/sprawl/Content/' was aborted.
[2016.10.23-16.54.42:868][243]LogDirectoryWatcher: A directory notification for '../../../Engine/Plugins/2D/Paper2D/Content/' was aborted.
[2016.10.23-16.54.42:868][243]LogDirectoryWatcher: A directory notification for '../../../Engine/Plugins/Marketplace/DungeonArchitect/Content/' was aborted.
[2016.10.23-16.54.42:868][243]LogModuleManager: Shutting down and abandoning module AssetRegistry (65)
[2016.10.23-16.54.42:994][243]LogModuleManager: Shutting down and abandoning module KismetCompiler (64)
[2016.10.23-16.54.42:994][243]LogModuleManager: Shutting down and abandoning module PhysXFormats (63)
[2016.10.23-16.54.42:994][243]LogModuleManager: Shutting down and abandoning module MeshUtilities (62)
[2016.10.23-16.54.42:994][243]LogModuleManager: Shutting down and abandoning module DerivedDataCache (61)
[2016.10.23-16.54.43:000][243]LogDerivedDataCache: Shutdown
[2016.10.23-16.54.43:000][243]LogModuleManager: Shutting down and abandoning module VulkanShaderFormat (60)
[2016.10.23-16.54.43:000][243]LogModuleManager: Shutting down and abandoning module ShaderFormatOpenGL (59)
[2016.10.23-16.54.43:000][243]LogModuleManager: Shutting down and abandoning module ShaderFormatD3D (58)
[2016.10.23-16.54.43:000][243]LogModuleManager: Shutting down and abandoning module MetalShaderFormat (57)
[2016.10.23-16.54.43:000][243]LogModuleManager: Shutting down and abandoning module TextureFormatUncompressed (56)
[2016.10.23-16.54.43:000][243]LogModuleManager: Shutting down and abandoning module TextureFormatPVR (55)
[2016.10.23-16.54.43:000][243]LogModuleManager: Shutting down and abandoning module TextureFormatDXT (54)
[2016.10.23-16.54.43:000][243]LogModuleManager: Shutting down and abandoning module TextureFormatIntelISPCTexComp (53)
[2016.10.23-16.54.43:000][243]LogModuleManager: Shutting down and abandoning module ImageWrapper (52)
[2016.10.23-16.54.43:000][243]LogModuleManager: Shutting down and abandoning module TextureFormatASTC (51)
[2016.10.23-16.54.43:000][243]LogModuleManager: Shutting down and abandoning module TextureFormatAndroid (50)
[2016.10.23-16.54.43:000][243]LogModuleManager: Shutting down and abandoning module AudioFormatOpus (49)
[2016.10.23-16.54.43:000][243]LogModuleManager: Shutting down and abandoning module AudioFormatOgg (48)
[2016.10.23-16.54.43:000][243]LogModuleManager: Shutting down and abandoning module AudioFormatADPCM (47)
[2016.10.23-16.54.43:000][243]LogModuleManager: Shutting down and abandoning module LinuxTargetPlatform (46)
[2016.10.23-16.54.43:000][243]LogModuleManager: Shutting down and abandoning module LinuxServerTargetPlatform (45)
[2016.10.23-16.54.43:000][243]LogModuleManager: Shutting down and abandoning module LinuxNoEditorTargetPlatform (44)
[2016.10.23-16.54.43:000][243]LogModuleManager: Shutting down and abandoning module LinuxClientTargetPlatform (43)
[2016.10.23-16.54.43:000][243]LogModuleManager: Shutting down and abandoning module TVOSTargetPlatform (42)
[2016.10.23-16.54.43:000][243]LogModuleManager: Shutting down and abandoning module Messaging (41)
[2016.10.23-16.54.43:000][243]LogModuleManager: Shutting down and abandoning module IOSTargetPlatform (40)
[2016.10.23-16.54.43:000][243]LogModuleManager: Shutting down and abandoning module HTML5TargetPlatform (39)
[2016.10.23-16.54.43:000][243]LogModuleManager: Shutting down and abandoning module Android_PVRTCTargetPlatform (38)
[2016.10.23-16.54.43:000][243]LogModuleManager: Shutting down and abandoning module Android_MultiTargetPlatform (37)
[2016.10.23-16.54.43:000][243]LogModuleManager: Shutting down and abandoning module Android_ETC2TargetPlatform (36)
[2016.10.23-16.54.43:000][243]LogModuleManager: Shutting down and abandoning module Android_ETC1TargetPlatform (35)
[2016.10.23-16.54.43:000][243]LogModuleManager: Shutting down and abandoning module Android_DXTTargetPlatform (34)
[2016.10.23-16.54.43:000][243]LogModuleManager: Shutting down and abandoning module Android_ATCTargetPlatform (33)
[2016.10.23-16.54.43:000][243]LogModuleManager: Shutting down and abandoning module Android_ASTCTargetPlatform (32)
[2016.10.23-16.54.43:000][243]LogModuleManager: Shutting down and abandoning module AndroidTargetPlatform (31)
[2016.10.23-16.54.43:000][243]LogModuleManager: Shutting down and abandoning module WindowsTargetPlatform (30)
[2016.10.23-16.54.43:000][243]LogModuleManager: Shutting down and abandoning module WindowsServerTargetPlatform (29)
[2016.10.23-16.54.43:000][243]LogModuleManager: Shutting down and abandoning module WindowsNoEditorTargetPlatform (28)
[2016.10.23-16.54.43:000][243]LogModuleManager: Shutting down and abandoning module WindowsClientTargetPlatform (27)
[2016.10.23-16.54.43:000][243]LogModuleManager: Shutting down and abandoning module AllDesktopTargetPlatform (26)
[2016.10.23-16.54.43:000][243]LogModuleManager: Shutting down and abandoning module TargetPlatform (25)
[2016.10.23-16.54.43:000][243]LogModuleManager: Shutting down and abandoning module InputCore (24)
[2016.10.23-16.54.43:000][243]LogModuleManager: Shutting down and abandoning module Settings (23)
[2016.10.23-16.54.43:000][243]LogModuleManager: Shutting down and abandoning module OculusRift (22)
[2016.10.23-16.54.43:000][243]LogModuleManager: Shutting down and abandoning module GearVR (21)
[2016.10.23-16.54.43:001][243]LogModuleManager: Shutting down and abandoning module ExampleDeviceProfileSelector (20)
[2016.10.23-16.54.43:001][243]LogModuleManager: Shutting down and abandoning module OnlineBlueprintSupport (19)
[2016.10.23-16.54.43:001][243]LogModuleManager: Shutting down and abandoning module OnlineSubsystem (17)
[2016.10.23-16.54.43:001][243]LogOnline:Display: Unloading online subsystem: NULL
[2016.10.23-16.54.43:001][243]LogModuleManager: Shutting down and abandoning module HTTP (16)
[2016.10.23-16.54.43:001][243]LogHttp:Display: Http module shutting down, but needs to wait on 1 outstanding Http requests:
[2016.10.23-16.54.43:001][243]LogHttp:Display: 	verb=[POST] url=[https://datarouter.ol.epicgames.com/datarouter/api/v1/public/data?SessionID=%7BA4C9CEC1-4140-89AC-4C82-7497FCD839E2%7D&AppID=UEEditor.Rocket.Release&AppVersion=4.13.1-3142249%2B%2B%2BUE4%2BRelease-4.13&UserID=5f80166e4ebde66b8ff605acfc70105a%7C6aa4985b51684975bb42d8edacc18513%7Ceb6c2002-12f1-4244-99c6-c2b3c37b13e3&AppEnvironment=datacollector-binary&UploadType=eteventstream] status=Processing
[2016.10.23-16.54.43:026][243]LogModuleManager: Shutting down and abandoning module XMPP (15)
[2016.10.23-16.54.43:026][243]LogModuleManager: Shutting down and abandoning module TextureCompressor (14)
[2016.10.23-16.54.43:027][243]LogModuleManager: Shutting down and abandoning module ShaderCore (13)
[2016.10.23-16.54.43:027][243]LogModuleManager: Shutting down and abandoning module Landscape (12)
[2016.10.23-16.54.43:027][243]LogModuleManager: Shutting down and abandoning module SlateRHIRenderer (11)
[2016.10.23-16.54.43:027][243]LogModuleManager: Shutting down and abandoning module OpenGLDrv (10)
[2016.10.23-16.54.43:027][243]LogModuleManager: Shutting down and abandoning module D3D11RHI (9)
[2016.10.23-16.54.43:027][243]LogModuleManager: Shutting down and abandoning module AnimGraphRuntime (8)
[2016.10.23-16.54.43:027][243]LogModuleManager: Shutting down and abandoning module Renderer (7)
[2016.10.23-16.54.43:027][243]LogModuleManager: Shutting down and abandoning module Engine (6)
[2016.10.23-16.54.43:027][243]LogModuleManager: Shutting down and abandoning module CoreUObject (5)
[2016.10.23-16.54.43:027][243]LogModuleManager: Shutting down and abandoning module NetworkFile (4)
[2016.10.23-16.54.43:027][243]LogModuleManager: Shutting down and abandoning module StreamingFile (3)
[2016.10.23-16.54.43:027][243]LogModuleManager: Shutting down and abandoning module SandboxFile (2)
[2016.10.23-16.54.43:027][243]LogModuleManager: Shutting down and abandoning module PakFile (1)
[2016.10.23-16.54.43:029][243]LogExit: Exiting.
[2016.10.23-16.54.43:033][243]Log file closed, 10/23/16 12:54:43
